MPASM 5.87                          MAIN.ASM   6-10-2025  19:27:10         PAGE  1


LOC  OBJECT CODE     LINE SOURCE TEXT
  VALUE

                      00001 ;-------------------------------
                      00002 ; CONFIGURACIÓN
                      00003 ;-------------------------------
                      00004     LIST P=16F887
                      00005     #include "p16f887.inc"
                      00001         LIST
                      00002 
                      00003 ;==========================================================================
                      00004 ; Build date : Jan 06 2020
                      00005 ;  MPASM PIC16F887 processor include
                      00006 ; 
                      00007 ;  (c) Copyright 1999-2020 Microchip Technology, All rights reserved
                      00008 ;==========================================================================
                      00009 
                      00810         LIST
                      00006 
2007   20F4           00007     __CONFIG _CONFIG1, _FOSC_INTRC_NOCLKOUT & _WDTE_OFF & _PWRTE_OFF & _MCLRE_ON & _CP_OFF & _CPD_OFF & 
                            _BOREN_OFF & _IESO_OFF & _FCMEN_OFF & _LVP_OFF
2008   3FFF           00008     __CONFIG _CONFIG2, _BOR4V_BOR40V & _WRT_OFF
                      00009 
                      00010 ;-------------------------------
                      00011 ; VARIABLES
                      00012 ;-------------------------------
  00000020            00013 KEYNUM EQU 0x20
  00000021            00014 AUX_FILE EQU 0x21
  00000022            00015 AUX_KEYNUM EQU 0x22
  00000023            00016 SALVAW EQU 0x23
  00000024            00017 SALVAS EQU 0x24
  00000025            00018 ACTIVADA EQU 0x25
  00000026            00019 DISPARADA EQU 0x26
  00000027            00020 SEQUENCE_POS EQU 0x27           
  00000028            00021 QUE_INTERRUPCION EQU 0x28           ; =1 si fue por teclado, =2 si fue ...
                      00022  
                      00023 ;Para el guardado de las teclas presionadas
  00000030            00024 TECLA_0 EQU 0x30
  00000031            00025 TECLA_1 EQU 0x31
                      00026  
                      00027 ;Para el guardado de las contraseñas
                      00028 ;Password 1
  00000040            00029 CLAVE1_1 EQU 0x40
  00000041            00030 CLAVE1_2 EQU 0x41
                      00031 ;Password 2
  00000042            00032 CLAVE2_1 EQU 0x42
  00000043            00033 CLAVE2_2 EQU 0x43
                      00034 ;-------------------------------
                      00035 ; PROGRAMA PRINCIPAL
                      00036 ;-------------------------------
                      00037     ORG 0x00
0000   2???           00038     GOTO INICIO
                      00039     ORG 0x04
0004   2???           00040     GOTO ISR
                      00041     ORG 0x05
                      00042 
MPASM 5.87                          MAIN.ASM   6-10-2025  19:27:10         PAGE  2


LOC  OBJECT CODE     LINE SOURCE TEXT
  VALUE

0005                  00043 INICIO
0005   1683 1703      00044     BANKSEL ANSELH
Message[302]: Register in operand not in bank 0.  Ensure that bank bits are correct.
0007   0189           00045     CLRF ANSELH
0008   1683 1303      00046     BANKSEL OPTION_REG
000A   30F7           00047     MOVLW b'11110111'   ;Pullups PORTB=OFF, T0CS=T0CKI (pin para detener el timer), Prescaler 256
Message[302]: Register in operand not in bank 0.  Ensure that bank bits are correct.
000B   0081           00048     MOVWF OPTION_REG
000C   1683 1303      00049     BANKSEL TRISB
000E   30F0           00050     MOVLW b'11110000'
Message[302]: Register in operand not in bank 0.  Ensure that bank bits are correct.
000F   0086           00051     MOVWF TRISB
Message[302]: Register in operand not in bank 0.  Ensure that bank bits are correct.
0010   0187           00052     CLRF TRISC
                      00053     ;MOVWF WPUB
Message[302]: Register in operand not in bank 0.  Ensure that bank bits are correct.
0011   0096           00054     MOVWF IOCB
0012   1283 1303      00055     BANKSEL PORTB
0014   0186           00056     CLRF PORTB
0015   0886           00057     MOVF PORTB,F
0016   3080           00058     MOVLW b'10000000'
0017   0087           00059     MOVWF PORTC
0018   1283 1303      00060     BANKSEL INTCON
001A   018B           00061     CLRF INTCON
001B   30C8           00062     MOVLW b'11001000'   ; Se habilitan interrupciones globales, de perifericos y por PORTB
001C   048B           00063     IORWF INTCON,F
                      00064     
001D   1283 1303      00065     BANKSEL PORTD       ;Habilito el PORTD todo como salidas (para poner el led que indica que la alarma
                             esta activada y el buzzer)
001F   0188           00066     CLRF PORTD
0020   1683 1303      00067     BANKSEL TRISD
Message[302]: Register in operand not in bank 0.  Ensure that bank bits are correct.
0022   0188           00068     CLRF TRISD          
0023   1283 1303      00069     BANKSEL PORTE       ;Habilito el PORTE y RE0 para el boton de sensor de movimiento que activa la ala
                            rma
0025   0189           00070     CLRF PORTE
0026   1683 1703      00071     BANKSEL ANSEL
Message[302]: Register in operand not in bank 0.  Ensure that bank bits are correct.
0028   0188           00072     CLRF ANSEL
0029   1303           00073     BCF STATUS,RP1
002A   1683 1303      00074     BANKSEL TRISE
002C   3001           00075     MOVLW b'00000001'
Message[302]: Register in operand not in bank 0.  Ensure that bank bits are correct.
002D   0089           00076     MOVWF TRISE
                      00077     
                      00078     ;Inicializacion de las passwords
                      00079     ;Password 1 (1-4)
002E   1283           00080     BCF STATUS,RP0
002F   1303           00081     BCF STATUS,RP1
0030   3000           00082     MOVLW d'0'
0031   00C0           00083     MOVWF CLAVE1_1
0032   3001           00084     MOVLW d'1'
0033   00C1           00085     MOVWF CLAVE1_2
MPASM 5.87                          MAIN.ASM   6-10-2025  19:27:10         PAGE  3


LOC  OBJECT CODE     LINE SOURCE TEXT
  VALUE

                      00086     ;Password 2 (1-7)
0034   3000           00087     MOVLW d'0'
0035   00C2           00088     MOVWF CLAVE2_1
0036   3002           00089     MOVLW d'2'
0037   00C3           00090     MOVWF CLAVE2_2
                      00091     
0038                  00092 LOOP
0038   0826           00093     MOVF DISPARADA,W
0039   3C01           00094     SUBLW 0x01
003A   1D03           00095     BTFSS STATUS,Z
003B   2???           00096     GOTO CHEQUEAR_BOTON
003C   1283 1303      00097     BANKSEL PORTD
003E   1488           00098     BSF PORTD,RD1
                      00099     
003F   2???           00100     GOTO LOOP
                      00101     
0040                  00102 CHEQUEAR_BOTON
0040   1283 1303      00103     BANKSEL PORTE
0042   1809           00104     BTFSC PORTE,RE0
0043   2???           00105     GOTO VERIFICAR_ACTIVACION
0044   2???           00106     GOTO LOOP
                      00107 
0045                  00108 VERIFICAR_ACTIVACION
                      00109     ; ¿La alarma está activada?
0045   0825           00110     MOVF ACTIVADA,W
0046   3C01           00111     SUBLW 0x01
0047   1D03           00112     BTFSS STATUS,Z
0048   2???           00113     GOTO LOOP
                      00114 
                      00115     ; Activada y botón presionado ? disparar alarma
0049   3001           00116     MOVLW 0x01
004A   00A6           00117     MOVWF DISPARADA
                      00118 
004B   1488           00119     BSF PORTD,RD1        ; Encender buzzer
004C   2???           00120     GOTO LOOP
                      00121     
004D                  00122 TABLA
004D   0782           00123     ADDWF PCL,F
004E   3486           00124     RETLW b'10000110'   ;1
004F   34E6           00125     RETLW b'11100110'   ;4
0050   3487           00126     RETLW b'10000111'   ;7
0051   34F6           00127     RETLW b'11110110'   ;*
                      00128     
0052   34DB           00129     RETLW b'11011011'   ;2
0053   34ED           00130     RETLW b'11101101'   ;5
0054   34FF           00131     RETLW b'11111111'   ;8
0055   34BF           00132     RETLW b'10111111'   ;0
                      00133     
0056   34CF           00134     RETLW b'11001111'   ;3
0057   34FD           00135     RETLW b'11111101'   ;6
0058   34E7           00136     RETLW b'11100111'   ;9
0059   34F6           00137     RETLW b'11110110'   ;#
                      00138     
MPASM 5.87                          MAIN.ASM   6-10-2025  19:27:10         PAGE  4


LOC  OBJECT CODE     LINE SOURCE TEXT
  VALUE

005A                  00139 ISR
                      00140     ; Guardo el contexto
005A   00A3           00141     MOVWF SALVAW
005B   0E03           00142     SWAPF STATUS,W
005C   00A4           00143     MOVWF SALVAS
                      00144     
005D   190B           00145     BTFSC INTCON,T0IF
005E   2???           00146     CALL INT_TMR0
                      00147     
005F   180B           00148     BTFSC INTCON,RBIF
0060   2???           00149     CALL INT_TECLADO
                      00150     
                      00151     ; Recupero el contexto
0061   0E24           00152     SWAPF SALVAS,W
0062   0083           00153     MOVWF STATUS
0063   0EA3           00154     SWAPF SALVAW,F
0064   0E23           00155     SWAPF SALVAW,W
                      00156     
0065   0009           00157     RETFIE
                      00158     
0066                  00159 INT_TECLADO
0066   3001           00160     MOVLW 0x01
0067   00A8           00161     MOVWF QUE_INTERRUPCION      ; La interrupcion fue por teclado -> entonces: QUE_INTERRUPCION = 1
0068   1283 1303      00162     BANKSEL PORTB
006A   0886           00163     MOVF PORTB,F
006B   100B           00164     BCF INTCON,RBIF
006C   118B           00165     BCF INTCON,RBIE
006D   1283 1303      00166     BANKSEL TMR0
006F   303C           00167     MOVLW d'60'                 ; Para que dure 50 ms antirebote
0070   0081           00168     MOVWF TMR0
0071   1683 1303      00169     BANKSEL OPTION_REG
Message[302]: Register in operand not in bank 0.  Ensure that bank bits are correct.
0073   1281           00170     BCF OPTION_REG,T0CS         ; Para iniciar funcionamiento del timer
0074   1283 1303      00171     BANKSEL INTCON
0076   110B           00172     BCF INTCON,T0IF
0077   168B           00173     BSF INTCON,T0IE
0078   0008           00174     RETURN
                      00175     
0079                  00176 INT_TMR0
0079   1683 1303      00177     BANKSEL OPTION_REG
Message[302]: Register in operand not in bank 0.  Ensure that bank bits are correct.
007B   1681           00178     BSF OPTION_REG,T0CS
007C   1283 1303      00179     BANKSEL INTCON
007E   110B           00180     BCF INTCON,T0IF
007F   128B           00181     BCF INTCON,T0IE
                      00182     
                      00183     ; Se chequea por que interrupcion vino el TMR0
0080   0828           00184     MOVF QUE_INTERRUPCION,W
0081   3C01           00185     SUBLW 0x01
0082   1903           00186     BTFSC STATUS,Z
0083   2???           00187     GOTO POR_TECLADO            ; La interrupcion vino del teclado
                      00188 
0084                  00189 FINAL_DE_INT_TMR0
MPASM 5.87                          MAIN.ASM   6-10-2025  19:27:10         PAGE  5


LOC  OBJECT CODE     LINE SOURCE TEXT
  VALUE

0084   1283 1303      00190     BANKSEL INTCON
0086   100B           00191     BCF INTCON,RBIF
0087   158B           00192     BSF INTCON,RBIE
0088   01A8           00193     CLRF QUE_INTERRUPCION
0089   0008           00194     RETURN
                      00195     
008A                  00196 POR_TECLADO
008A   2???           00197     CALL SCAN
008B   1283 1303      00198     BANKSEL PORTB
008D   0186           00199     CLRF PORTB
008E   0886           00200     MOVF PORTB,F
008F   2???           00201     GOTO FINAL_DE_INT_TMR0
                      00202     
0090                  00203 SCAN
0090   0820           00204     MOVF KEYNUM,W
0091   00A2           00205     MOVWF AUX_KEYNUM
0092   01A0           00206     CLRF KEYNUM
0093   300E           00207     MOVLW b'00001110'
0094   00A1           00208     MOVWF AUX_FILE
0095                  00209 SCAN_NEXT
0095   1283 1303      00210     BANKSEL PORTB
0097   0821           00211     MOVF AUX_FILE,W
0098   0086           00212     MOVWF PORTB
0099   1E06           00213     BTFSS PORTB,RB4
009A   2???           00214     GOTO SR_KEY
009B   0AA0           00215     INCF KEYNUM,F
                      00216     
009C   1E86           00217     BTFSS PORTB,RB5
009D   2???           00218     GOTO SR_KEY
009E   0AA0           00219     INCF KEYNUM,F
                      00220 
009F   1F06           00221     BTFSS PORTB,RB6
00A0   2???           00222     GOTO SR_KEY
00A1   0AA0           00223     INCF KEYNUM,F
                      00224 
00A2   1F86           00225     BTFSS PORTB,RB7
00A3   2???           00226     GOTO SR_KEY
00A4   0AA0           00227     INCF KEYNUM,F
                      00228     
00A5   1403           00229     BSF STATUS,C
00A6   0DA1           00230     RLF AUX_FILE,F
00A7   300C           00231     MOVLW 0x0C
00A8   0220           00232     SUBWF KEYNUM,W
00A9   1903           00233     BTFSC STATUS,Z
00AA   0008           00234     RETURN                      ;Llegó a 12, salgo
00AB   2???           00235     GOTO SCAN_NEXT              ;NO llegó a 12, busca proxima fila
                      00236     
00AC                  00237 SR_KEY
00AC   0820           00238     MOVF KEYNUM,W
00AD   2???           00239     CALL TABLA
00AE   1283 1303      00240     BANKSEL PORTC
00B0   0087           00241     MOVWF PORTC
                      00242     
MPASM 5.87                          MAIN.ASM   6-10-2025  19:27:10         PAGE  6


LOC  OBJECT CODE     LINE SOURCE TEXT
  VALUE

00B1   0820           00243     MOVF KEYNUM,W
00B2   3C02           00244     SUBLW d'2'              
00B3   1903           00245     BTFSC STATUS,Z              ; Se presiono la tecla "#"?
00B4   2???           00246     GOTO COMPARAR_PASSWORD      ; entonces se compara la password
                      00247     
                      00248     ; No se presiono la tecla "#", se presiono un numero cualquiera
00B5   1283           00249     BCF STATUS,RP0
00B6   1303           00250     BCF STATUS,RP1
00B7   0827           00251     MOVF SEQUENCE_POS,W         
00B8   0782           00252     ADDWF PCL,F
00B9   2???           00253     GOTO POS0
00BA   2???           00254     GOTO POS1
00BB                  00255 POS0
00BB   0820           00256     MOVF KEYNUM,W
00BC   00B0           00257     MOVWF TECLA_0           ;Muevo el valor de la tecla presionada a TECLA0
00BD   0AA7           00258     INCF SEQUENCE_POS,F
00BE   0008           00259     RETURN
00BF                  00260 POS1
00BF   0820           00261     MOVF KEYNUM,W
00C0   00B1           00262     MOVWF TECLA_1           ;Muevo el valor de la tecla presionada a TECLA1
00C1   01A7           00263     CLRF SEQUENCE_POS       ;Reseteo la secuencia porque es la ultima posicion
00C2   0008           00264     RETURN
                      00265 
00C3                  00266 COMPARAR_PASSWORD
                      00267     ;Comparar con CLAVE1
00C3   0830           00268     MOVF TECLA_0,W
00C4   0640           00269     XORWF CLAVE1_1,W
00C5   1D03           00270     BTFSS STATUS,Z
00C6   2???           00271     GOTO CLAVE2
                      00272     
00C7   0831           00273     MOVF TECLA_1,W
00C8   0641           00274     XORWF CLAVE1_2,W
00C9   1D03           00275     BTFSS STATUS,Z
00CA   2???           00276     GOTO CLAVE2
                      00277     
00CB   2???           00278     GOTO CLAVE_CORRECTA
                      00279     
00CC                  00280 CLAVE2
00CC   0008           00281     RETURN
                      00282     
00CD                  00283 CLAVE_CORRECTA
00CD   3001           00284     MOVLW 0x01
Message[305]: Using default destination of 1 (file).
00CE   02A5           00285     SUBWF ACTIVADA
00CF   1903           00286     BTFSC STATUS,Z
00D0   2???           00287     GOTO DESACTIVAR_ALARMA
00D1   2???           00288     GOTO ACTIVAR_ALARMA
                      00289     
00D2                  00290 ACTIVAR_ALARMA
00D2   1283 1303      00291     BANKSEL PORTD
00D4   1408           00292     BSF PORTD,RB0
00D5   3001           00293     MOVLW 0x01
00D6   00A5           00294     MOVWF ACTIVADA
MPASM 5.87                          MAIN.ASM   6-10-2025  19:27:10         PAGE  7


LOC  OBJECT CODE     LINE SOURCE TEXT
  VALUE

00D7   0008           00295     RETURN
                      00296 
00D8                  00297 DESACTIVAR_ALARMA
00D8   1283 1303      00298     BANKSEL PORTD
00DA   1008           00299     BCF PORTD,RD0
00DB   1088           00300     BCF PORTD,RD1
00DC   01A6           00301     CLRF DISPARADA
00DD   01A5           00302     CLRF ACTIVADA
00DE   0008           00303     RETURN
                      00304     
20F4 3FFF             00305     END
MPASM 5.87                          MAIN.ASM   6-10-2025  19:27:10         PAGE  8


SYMBOL TABLE
  LABEL                             VALUE 

ABDEN                             00000000
ABDOVF                            00000007
ACKDT                             00000005
ACKEN                             00000004
ACKSTAT                           00000006
ACTIVADA                          00000025
ACTIVAR_ALARMA                    000000D2
ADCON0                            0000001F
ADCON1                            0000009F
ADCS0                             00000006
ADCS1                             00000007
ADDEN                             00000003
ADFM                              00000007
ADIE                              00000006
ADIF                              00000006
ADON                              00000000
ADRESH                            0000001E
ADRESL                            0000009E
ANS0                              00000000
ANS1                              00000001
ANS10                             00000002
ANS11                             00000003
ANS12                             00000004
ANS13                             00000005
ANS2                              00000002
ANS3                              00000003
ANS4                              00000004
ANS5                              00000005
ANS6                              00000006
ANS7                              00000007
ANS8                              00000000
ANS9                              00000001
ANSEL                             00000188
ANSELH                            00000189
AUX_FILE                          00000021
AUX_KEYNUM                        00000022
BAUDCTL                           00000187
BCLIE                             00000003
BCLIF                             00000003
BF                                00000000
BRG0                              00000000
BRG1                              00000001
BRG10                             00000002
BRG11                             00000003
BRG12                             00000004
BRG13                             00000005
BRG14                             00000006
BRG15                             00000007
BRG16                             00000003
BRG2                              00000002
BRG3                              00000003
BRG4                              00000004
BRG5                              00000005
MPASM 5.87                          MAIN.ASM   6-10-2025  19:27:10         PAGE  9


SYMBOL TABLE
  LABEL                             VALUE 

BRG6                              00000006
BRG7                              00000007
BRG8                              00000000
BRG9                              00000001
BRGH                              00000002
C                                 00000000
C1CH0                             00000000
C1CH1                             00000001
C1IE                              00000005
C1IF                              00000005
C1OE                              00000005
C1ON                              00000007
C1OUT                             00000006
C1POL                             00000004
C1R                               00000002
C1RSEL                            00000005
C1SEN                             00000005
C2CH0                             00000000
C2CH1                             00000001
C2IE                              00000006
C2IF                              00000006
C2OE                              00000005
C2ON                              00000007
C2OUT                             00000006
C2POL                             00000004
C2R                               00000002
C2REN                             00000004
C2RSEL                            00000004
C2SYNC                            00000000
CCP1CON                           00000017
CCP1IE                            00000002
CCP1IF                            00000002
CCP1M0                            00000000
CCP1M1                            00000001
CCP1M2                            00000002
CCP1M3                            00000003
CCP1X                             00000005
CCP1Y                             00000004
CCP2CON                           0000001D
CCP2IE                            00000000
CCP2IF                            00000000
CCP2M0                            00000000
CCP2M1                            00000001
CCP2M2                            00000002
CCP2M3                            00000003
CCP2X                             00000005
CCP2Y                             00000004
CCPR1                             00000015
CCPR1H                            00000016
CCPR1L                            00000015
CCPR2                             0000001B
CCPR2H                            0000001C
CCPR2L                            0000001B
MPASM 5.87                          MAIN.ASM   6-10-2025  19:27:10         PAGE 10


SYMBOL TABLE
  LABEL                             VALUE 

CHEQUEAR_BOTON                    00000040
CHS0                              00000002
CHS1                              00000003
CHS2                              00000004
CHS3                              00000005
CKE                               00000006
CKP                               00000004
CLAVE1_1                          00000040
CLAVE1_2                          00000041
CLAVE2                            000000CC
CLAVE2_1                          00000042
CLAVE2_2                          00000043
CLAVE_CORRECTA                    000000CD
CM1CON0                           00000107
CM2CON0                           00000108
CM2CON1                           00000109
COMPARAR_PASSWORD                 000000C3
CREN                              00000004
CSRC                              00000007
D                                 00000005
DATA_ADDRESS                      00000005
DC                                00000001
DC1B0                             00000004
DC1B1                             00000005
DC2B0                             00000004
DC2B1                             00000005
DESACTIVAR_ALARMA                 000000D8
DISPARADA                         00000026
D_A                               00000005
D_NOT_A                           00000005
ECCPAS                            0000009C
ECCPAS0                           00000004
ECCPAS1                           00000005
ECCPAS2                           00000006
ECCPASE                           00000007
EEADR                             0000010D
EEADRH                            0000010F
EECON1                            0000018C
EECON2                            0000018D
EEDAT                             0000010C
EEDATA                            0000010C
EEDATH                            0000010E
EEIE                              00000004
EEIF                              00000004
EEPGD                             00000007
F                                 00000001
FERR                              00000002
FINAL_DE_INT_TMR0                 00000084
FSR                               00000004
FVREN                             00000000
GCEN                              00000007
GIE                               00000007
GO                                00000001
MPASM 5.87                          MAIN.ASM   6-10-2025  19:27:10         PAGE 11


SYMBOL TABLE
  LABEL                             VALUE 

GO_DONE                           00000001
GO_NOT_DONE                       00000001
HTS                               00000002
I2C_DATA                          00000005
I2C_READ                          00000002
I2C_START                         00000003
I2C_STOP                          00000004
INDF                              00000000
INICIO                            00000005
INTCON                            0000000B
INTE                              00000004
INTEDG                            00000006
INTF                              00000001
INT_TECLADO                       00000066
INT_TMR0                          00000079
IOCB                              00000096
IOCB0                             00000000
IOCB1                             00000001
IOCB2                             00000002
IOCB3                             00000003
IOCB4                             00000004
IOCB5                             00000005
IOCB6                             00000006
IOCB7                             00000007
IRCF0                             00000004
IRCF1                             00000005
IRCF2                             00000006
IRP                               00000007
ISR                               0000005A
KEYNUM                            00000020
LOOP                              00000038
LTS                               00000001
MC1OUT                            00000007
MC2OUT                            00000006
MSK                               00000093
MSK0                              00000000
MSK1                              00000001
MSK2                              00000002
MSK3                              00000003
MSK4                              00000004
MSK5                              00000005
MSK6                              00000006
MSK7                              00000007
NOT_A                             00000005
NOT_ADDRESS                       00000005
NOT_BO                            00000000
NOT_BOR                           00000000
NOT_DONE                          00000001
NOT_PD                            00000003
NOT_POR                           00000001
NOT_RBPU                          00000007
NOT_RC8                           00000006
NOT_T1SYNC                        00000002
MPASM 5.87                          MAIN.ASM   6-10-2025  19:27:10         PAGE 12


SYMBOL TABLE
  LABEL                             VALUE 

NOT_TO                            00000004
NOT_TX8                           00000006
NOT_W                             00000002
NOT_WRITE                         00000002
OERR                              00000001
OPTION_REG                        00000081
OSCCON                            0000008F
OSCTUNE                           00000090
OSFIE                             00000007
OSFIF                             00000007
OSTS                              00000003
P                                 00000004
P1M0                              00000006
P1M1                              00000007
PCL                               00000002
PCLATH                            0000000A
PCON                              0000008E
PDC0                              00000000
PDC1                              00000001
PDC2                              00000002
PDC3                              00000003
PDC4                              00000004
PDC5                              00000005
PDC6                              00000006
PEIE                              00000006
PEN                               00000002
PIE1                              0000008C
PIE2                              0000008D
PIR1                              0000000C
PIR2                              0000000D
PORTA                             00000005
PORTB                             00000006
PORTC                             00000007
PORTD                             00000008
PORTE                             00000009
POR_TECLADO                       0000008A
POS0                              000000BB
POS1                              000000BF
PR2                               00000092
PRSEN                             00000007
PS0                               00000000
PS1                               00000001
PS2                               00000002
PSA                               00000003
PSSAC0                            00000002
PSSAC1                            00000003
PSSBD0                            00000000
PSSBD1                            00000001
PSTRCON                           0000009D
PULSR                             00000002
PULSS                             00000003
PWM1CON                           0000009B
QUE_INTERRUPCION                  00000028
MPASM 5.87                          MAIN.ASM   6-10-2025  19:27:10         PAGE 13


SYMBOL TABLE
  LABEL                             VALUE 

R                                 00000002
RA0                               00000000
RA1                               00000001
RA2                               00000002
RA3                               00000003
RA4                               00000004
RA5                               00000005
RA6                               00000006
RA7                               00000007
RB0                               00000000
RB1                               00000001
RB2                               00000002
RB3                               00000003
RB4                               00000004
RB5                               00000005
RB6                               00000006
RB7                               00000007
RBIE                              00000003
RBIF                              00000000
RC0                               00000000
RC1                               00000001
RC2                               00000002
RC3                               00000003
RC4                               00000004
RC5                               00000005
RC6                               00000006
RC7                               00000007
RC8_9                             00000006
RC9                               00000006
RCD8                              00000000
RCEN                              00000003
RCIDL                             00000006
RCIE                              00000005
RCIF                              00000005
RCREG                             0000001A
RCSTA                             00000018
RD                                00000000
RD0                               00000000
RD1                               00000001
RD2                               00000002
RD3                               00000003
RD4                               00000004
RD5                               00000005
RD6                               00000006
RD7                               00000007
RE0                               00000000
RE1                               00000001
RE2                               00000002
RE3                               00000003
READ_WRITE                        00000002
RP0                               00000005
RP1                               00000006
RSEN                              00000001
MPASM 5.87                          MAIN.ASM   6-10-2025  19:27:10         PAGE 14


SYMBOL TABLE
  LABEL                             VALUE 

RX9                               00000006
RX9D                              00000000
R_NOT_W                           00000002
R_W                               00000002
S                                 00000003
SALVAS                            00000024
SALVAW                            00000023
SBOREN                            00000004
SCAN                              00000090
SCAN_NEXT                         00000095
SCKP                              00000004
SCS                               00000000
SEN                               00000000
SENDB                             00000003
SEQUENCE_POS                      00000027
SMP                               00000007
SPBRG                             00000099
SPBRGH                            0000009A
SPEN                              00000007
SR0                               00000006
SR1                               00000007
SRCON                             00000185
SREN                              00000005
SR_KEY                            000000AC
SSPADD                            00000093
SSPBUF                            00000013
SSPCON                            00000014
SSPCON2                           00000091
SSPEN                             00000005
SSPIE                             00000003
SSPIF                             00000003
SSPM0                             00000000
SSPM1                             00000001
SSPM2                             00000002
SSPM3                             00000003
SSPMSK                            00000093
SSPOV                             00000006
SSPSTAT                           00000094
STATUS                            00000003
STRA                              00000000
STRB                              00000001
STRC                              00000002
STRD                              00000003
STRSYNC                           00000004
SWDTEN                            00000000
SYNC                              00000004
T0CS                              00000005
T0IE                              00000005
T0IF                              00000002
T0SE                              00000004
T1CKPS0                           00000004
T1CKPS1                           00000005
T1CON                             00000010
MPASM 5.87                          MAIN.ASM   6-10-2025  19:27:10         PAGE 15


SYMBOL TABLE
  LABEL                             VALUE 

T1GINV                            00000007
T1GIV                             00000007
T1GSS                             00000001
T1INSYNC                          00000002
T1OSCEN                           00000003
T1SYNC                            00000002
T2CKPS0                           00000000
T2CKPS1                           00000001
T2CON                             00000012
TABLA                             0000004D
TECLA_0                           00000030
TECLA_1                           00000031
TMR0                              00000001
TMR0IE                            00000005
TMR0IF                            00000002
TMR1                              0000000E
TMR1CS                            00000001
TMR1GE                            00000006
TMR1H                             0000000F
TMR1IE                            00000000
TMR1IF                            00000000
TMR1L                             0000000E
TMR1ON                            00000000
TMR2                              00000011
TMR2IE                            00000001
TMR2IF                            00000001
TMR2ON                            00000002
TOUTPS0                           00000003
TOUTPS1                           00000004
TOUTPS2                           00000005
TOUTPS3                           00000006
TRISA                             00000085
TRISA0                            00000000
TRISA1                            00000001
TRISA2                            00000002
TRISA3                            00000003
TRISA4                            00000004
TRISA5                            00000005
TRISA6                            00000006
TRISA7                            00000007
TRISB                             00000086
TRISB0                            00000000
TRISB1                            00000001
TRISB2                            00000002
TRISB3                            00000003
TRISB4                            00000004
TRISB5                            00000005
TRISB6                            00000006
TRISB7                            00000007
TRISC                             00000087
TRISC0                            00000000
TRISC1                            00000001
TRISC2                            00000002
MPASM 5.87                          MAIN.ASM   6-10-2025  19:27:10         PAGE 16


SYMBOL TABLE
  LABEL                             VALUE 

TRISC3                            00000003
TRISC4                            00000004
TRISC5                            00000005
TRISC6                            00000006
TRISC7                            00000007
TRISD                             00000088
TRISD0                            00000000
TRISD1                            00000001
TRISD2                            00000002
TRISD3                            00000003
TRISD4                            00000004
TRISD5                            00000005
TRISD6                            00000006
TRISD7                            00000007
TRISE                             00000089
TRISE0                            00000000
TRISE1                            00000001
TRISE2                            00000002
TRISE3                            00000003
TRMT                              00000001
TUN0                              00000000
TUN1                              00000001
TUN2                              00000002
TUN3                              00000003
TUN4                              00000004
TX8_9                             00000006
TX9                               00000006
TX9D                              00000000
TXD8                              00000000
TXEN                              00000005
TXIE                              00000004
TXIF                              00000004
TXREG                             00000019
TXSTA                             00000098
UA                                00000001
ULPWUE                            00000005
ULPWUIE                           00000002
ULPWUIF                           00000002
VCFG0                             00000004
VCFG1                             00000005
VERIFICAR_ACTIVACION              00000045
VR0                               00000000
VR1                               00000001
VR2                               00000002
VR3                               00000003
VRCON                             00000097
VREN                              00000007
VROE                              00000006
VRR                               00000005
VRSS                              00000004
W                                 00000000
WCOL                              00000007
WDTCON                            00000105
MPASM 5.87                          MAIN.ASM   6-10-2025  19:27:10         PAGE 17


SYMBOL TABLE
  LABEL                             VALUE 

WDTPS0                            00000001
WDTPS1                            00000002
WDTPS2                            00000003
WDTPS3                            00000004
WPUB                              00000095
WPUB0                             00000000
WPUB1                             00000001
WPUB2                             00000002
WPUB3                             00000003
WPUB4                             00000004
WPUB5                             00000005
WPUB6                             00000006
WPUB7                             00000007
WR                                00000001
WREN                              00000002
WRERR                             00000003
WUE                               00000001
Z                                 00000002
_BOR21V                           00003EFF
_BOR40V                           00003FFF
_BOR4V_BOR21V                     00003EFF
_BOR4V_BOR40V                     00003FFF
_BOREN_NSLEEP                     00003EFF
_BOREN_OFF                        00003CFF
_BOREN_ON                         00003FFF
_BOREN_SBODEN                     00003DFF
_BOR_NSLEEP                       00003EFF
_BOR_OFF                          00003CFF
_BOR_ON                           00003FFF
_BOR_SBODEN                       00003DFF
_CONFIG1                          00002007
_CONFIG2                          00002008
_CPD_OFF                          00003FFF
_CPD_ON                           00003F7F
_CP_OFF                           00003FFF
_CP_ON                            00003FBF
_DEBUG_OFF                        00003FFF
_DEBUG_ON                         00001FFF
_DEVID1                           00002006
_EC_OSC                           00003FFB
_EXTRC                            00003FFF
_EXTRCIO                          00003FFE
_EXTRC_OSC_CLKOUT                 00003FFF
_EXTRC_OSC_NOCLKOUT               00003FFE
_FCMEN_OFF                        000037FF
_FCMEN_ON                         00003FFF
_FOSC_EC                          00003FFB
_FOSC_EXTRC_CLKOUT                00003FFF
_FOSC_EXTRC_NOCLKOUT              00003FFE
_FOSC_HS                          00003FFA
_FOSC_INTRC_CLKOUT                00003FFD
_FOSC_INTRC_NOCLKOUT              00003FFC
_FOSC_LP                          00003FF8
MPASM 5.87                          MAIN.ASM   6-10-2025  19:27:10         PAGE 18


SYMBOL TABLE
  LABEL                             VALUE 

_FOSC_XT                          00003FF9
_HS_OSC                           00003FFA
_IDLOC0                           00002000
_IDLOC1                           00002001
_IDLOC2                           00002002
_IDLOC3                           00002003
_IESO_OFF                         00003BFF
_IESO_ON                          00003FFF
_INTOSC                           00003FFD
_INTOSCIO                         00003FFC
_INTRC_OSC_CLKOUT                 00003FFD
_INTRC_OSC_NOCLKOUT               00003FFC
_LP_OSC                           00003FF8
_LVP_OFF                          00002FFF
_LVP_ON                           00003FFF
_MCLRE_OFF                        00003FDF
_MCLRE_ON                         00003FFF
_PWRTE_OFF                        00003FFF
_PWRTE_ON                         00003FEF
_WDTE_OFF                         00003FF7
_WDTE_ON                          00003FFF
_WDT_OFF                          00003FF7
_WDT_ON                           00003FFF
_WRT_1FOURTH                      00003BFF
_WRT_256                          00003DFF
_WRT_HALF                         000039FF
_WRT_OFF                          00003FFF
_XT_OSC                           00003FF9
__16F887                          00000001
__DEBUG                           
__MPLAB_DEBUGGER_SIMULATOR        1

Errors   :     0
Warnings :     0 reported,     0 suppressed
Messages :    11 reported,     0 suppressed

