MPASM 5.87                          MAIN.ASM   6-6-2025  21:10:39         PAGE  1


LOC  OBJECT CODE     LINE SOURCE TEXT
  VALUE

                      00001 ;-------------------------------
                      00002 ; CONFIGURACIÓN
                      00003 ;-------------------------------
                      00004     LIST P=16F887
                      00005     #include "p16f887.inc"
                      00001         LIST
                      00002 
                      00003 ;==========================================================================
                      00004 ; Build date : Jan 06 2020
                      00005 ;  MPASM PIC16F887 processor include
                      00006 ; 
                      00007 ;  (c) Copyright 1999-2020 Microchip Technology, All rights reserved
                      00008 ;==========================================================================
                      00009 
                      00810         LIST
                      00006 
2007   20F4           00007     __CONFIG _CONFIG1, _FOSC_INTRC_NOCLKOUT & _WDTE_OFF & _PWRTE_OFF & _MCLRE_ON & _CP_OFF & _CPD_OFF & 
                            _BOREN_OFF & _IESO_OFF & _FCMEN_OFF & _LVP_OFF
2008   3FFF           00008     __CONFIG _CONFIG2, _BOR4V_BOR40V & _WRT_OFF
                      00009 
                      00010 ;-------------------------------
                      00011 ; VARIABLES
                      00012 ;-------------------------------
  00000020            00013 NUMTECLA EQU 0x20
  00000021            00014 FILETEST EQU 0x21
  00000023            00015 SALVAW EQU 0x23
  00000024            00016 SALVAS EQU 0x24
  00000025            00017 ACTIVADA EQU 0x25
                      00018 
                      00019 ;-------------------------------
                      00020 ; PROGRAMA PRINCIPAL
                      00021 ;-------------------------------
                      00022     ORG 0x00
0000   2???           00023     GOTO INICIO
                      00024     ORG 0x04
0004   2???           00025     GOTO ISR
                      00026     ORG 0x05
                      00027 
0005                  00028 INICIO
0005   1683 1303      00029     BANKSEL OPTION_REG
0007   3007           00030     MOVLW b'00000111'   ;Prescaler 256
Message[302]: Register in operand not in bank 0.  Ensure that bank bits are correct.
0008   0081           00031     MOVWF OPTION_REG
                      00032     
0009   1283 1303      00033     BANKSEL PORTB
000B   30F0           00034     MOVLW b'11110000'
000C   0086           00035     MOVWF PORTB
000D   1683 1703      00036     BANKSEL ANSELH
Message[302]: Register in operand not in bank 0.  Ensure that bank bits are correct.
000F   0189           00037     CLRF ANSELH         ;Limpio ANSELH para I/O digitales
0010   1683 1303      00038     BANKSEL TRISB
0012   30F0           00039     MOVLW b'11110000'
Message[302]: Register in operand not in bank 0.  Ensure that bank bits are correct.
MPASM 5.87                          MAIN.ASM   6-6-2025  21:10:39         PAGE  2


LOC  OBJECT CODE     LINE SOURCE TEXT
  VALUE

0013   0086           00040     MOVWF TRISB         ;Habilito RB4-RB7 como entradas y RB0-RB3 como salidas
0014   1283 1303      00041     BANKSEL PORTC
0016   3080           00042     MOVLW b'10000000'
0017   0087           00043     MOVWF PORTC         ;Activo el display
0018   1683 1303      00044     BANKSEL TRISC
Message[302]: Register in operand not in bank 0.  Ensure that bank bits are correct.
001A   0187           00045     CLRF TRISC          ;Seteo todo el PORTC como salidas para usar el display
                      00046    
                      00047     
001B   1283 1303      00048     BANKSEL INTCON
001D   178B           00049     BSF INTCON,GIE      ;seteo GIE -> interrupciones globales
001E   168B           00050     BSF INTCON,T0IE     ;seteo T0IE -> interrupciones por TIMER0
001F   110B           00051     BCF INTCON,T0IF     ;limpio TOIF -> banderae de interrupcion por TIMER0
0020   170B           00052     BSF INTCON,PEIE     ;seteo PEIE -> interrupciones por perifericos
0021   108B           00053     BCF INTCON,INTF
                      00054     
0022                  00055 SCAN
0022   01A0           00056     CLRF NUMTECLA
0023   3006           00057     MOVLW b'00000110'
0024   00A1           00058     MOVWF FILETEST
0025                  00059 OTRATECLA
0025   1283 1303      00060     BANKSEL PORTB
0027   0821           00061     MOVF FILETEST,W
0028   0086           00062     MOVWF PORTB
                      00063     
0029   1E06           00064     BTFSS PORTB,RB4
002A   2???           00065     GOTO BUSCATECLA
002B   0AA0           00066     INCF NUMTECLA,F
                      00067     
002C   1E86           00068     BTFSS PORTB,RB5
002D   2???           00069     GOTO BUSCATECLA
002E   0AA0           00070     INCF NUMTECLA,F
                      00071     
002F   1F06           00072     BTFSS PORTB,RB6
0030   2???           00073     GOTO BUSCATECLA
0031   0AA0           00074     INCF NUMTECLA,F
                      00075     
0032   1F86           00076     BTFSS PORTB,RB7
0033   2???           00077     GOTO BUSCATECLA
0034   0AA0           00078     INCF NUMTECLA,F
                      00079     
0035   1403           00080     BSF STATUS,C
0036   0DA1           00081     RLF FILETEST,F
0037   300C           00082     MOVLW 0x0C
0038   0220           00083     SUBWF NUMTECLA,W
0039   1903           00084     BTFSC STATUS,Z
003A   2???           00085     GOTO SCAN
003B   2???           00086     GOTO OTRATECLA
                      00087   
003C                  00088 BUSCATECLA
003C   2???           00089     CALL RETARDO10MS
                      00090     
003D   0820           00091     MOVF NUMTECLA,W
MPASM 5.87                          MAIN.ASM   6-6-2025  21:10:39         PAGE  3


LOC  OBJECT CODE     LINE SOURCE TEXT
  VALUE

003E   2???           00092     CALL TABLA
003F   1283 1303      00093     BANKSEL PORTC
0041   0087           00094     MOVWF PORTC
                      00095     
0042   2???           00096     GOTO SCAN
                      00097 
0043                  00098 TABLA
0043   0782           00099     ADDWF PCL,F
0044   3486           00100     RETLW b'10000110'   ;1
0045   34A7           00101     RETLW b'10100111'   ;4
0046   3487           00102     RETLW b'10000111'   ;7
0047   34E3           00103     RETLW b'11100011'   ;*
                      00104     
0048   34DB           00105     RETLW b'11011011'   ;2
0049   34ED           00106     RETLW b'11101101'   ;5
004A   34FF           00107     RETLW b'11111111'   ;8
004B   34BF           00108     RETLW b'10111111'   ;0
                      00109     
004C   34CF           00110     RETLW b'11001111'   ;3
004D   34FD           00111     RETLW b'11111101'   ;6
004E   34E7           00112     RETLW b'11100111'   ;9
004F   34F6           00113     RETLW b'11110110'   ;#
                      00114 
0050                  00115 ISR 
0050   00A3           00116     MOVWF SALVAW
0051   0E03           00117     SWAPF STATUS,W
0052   00A4           00118     MOVWF SALVAS
                      00119     
0053   190B           00120     BTFSC INTCON,T0IF
0054   2???           00121     CALL INT_TMR0
                      00122     
0055   0E24           00123     SWAPF SALVAS,W
0056   0083           00124     MOVWF STATUS
0057   0EA3           00125     SWAPF SALVAW,F
0058   0E23           00126     SWAPF SALVAW,W
                      00127     
0059   0009           00128     RETFIE
                      00129 
005A                  00130 INT_TMR0
005A   110B           00131     BCF INTCON,T0IF
005B   0008           00132     RETURN
                      00133 
005C                  00134 RETARDO10MS    
005C   1283 1303      00135     BANKSEL TMR0
005E   30D8           00136     MOVLW D'216'    ;Precarga de 216 para que el retardo dure 10ms
005F   0081           00137     MOVWF TMR0
0060                  00138 ESPERA
0060   1283 1303      00139     BANKSEL INTCON
0062   1D0B           00140     BTFSS INTCON,T0IF
0063   2???           00141     GOTO ESPERA
0064   0008           00142     RETURN    
                      00143     
20F4 3FFF             00144     END
MPASM 5.87                          MAIN.ASM   6-6-2025  21:10:39         PAGE  4


SYMBOL TABLE
  LABEL                             VALUE 

ABDEN                             00000000
ABDOVF                            00000007
ACKDT                             00000005
ACKEN                             00000004
ACKSTAT                           00000006
ACTIVADA                          00000025
ADCON0                            0000001F
ADCON1                            0000009F
ADCS0                             00000006
ADCS1                             00000007
ADDEN                             00000003
ADFM                              00000007
ADIE                              00000006
ADIF                              00000006
ADON                              00000000
ADRESH                            0000001E
ADRESL                            0000009E
ANS0                              00000000
ANS1                              00000001
ANS10                             00000002
ANS11                             00000003
ANS12                             00000004
ANS13                             00000005
ANS2                              00000002
ANS3                              00000003
ANS4                              00000004
ANS5                              00000005
ANS6                              00000006
ANS7                              00000007
ANS8                              00000000
ANS9                              00000001
ANSEL                             00000188
ANSELH                            00000189
BAUDCTL                           00000187
BCLIE                             00000003
BCLIF                             00000003
BF                                00000000
BRG0                              00000000
BRG1                              00000001
BRG10                             00000002
BRG11                             00000003
BRG12                             00000004
BRG13                             00000005
BRG14                             00000006
BRG15                             00000007
BRG16                             00000003
BRG2                              00000002
BRG3                              00000003
BRG4                              00000004
BRG5                              00000005
BRG6                              00000006
BRG7                              00000007
BRG8                              00000000
MPASM 5.87                          MAIN.ASM   6-6-2025  21:10:39         PAGE  5


SYMBOL TABLE
  LABEL                             VALUE 

BRG9                              00000001
BRGH                              00000002
BUSCATECLA                        0000003C
C                                 00000000
C1CH0                             00000000
C1CH1                             00000001
C1IE                              00000005
C1IF                              00000005
C1OE                              00000005
C1ON                              00000007
C1OUT                             00000006
C1POL                             00000004
C1R                               00000002
C1RSEL                            00000005
C1SEN                             00000005
C2CH0                             00000000
C2CH1                             00000001
C2IE                              00000006
C2IF                              00000006
C2OE                              00000005
C2ON                              00000007
C2OUT                             00000006
C2POL                             00000004
C2R                               00000002
C2REN                             00000004
C2RSEL                            00000004
C2SYNC                            00000000
CCP1CON                           00000017
CCP1IE                            00000002
CCP1IF                            00000002
CCP1M0                            00000000
CCP1M1                            00000001
CCP1M2                            00000002
CCP1M3                            00000003
CCP1X                             00000005
CCP1Y                             00000004
CCP2CON                           0000001D
CCP2IE                            00000000
CCP2IF                            00000000
CCP2M0                            00000000
CCP2M1                            00000001
CCP2M2                            00000002
CCP2M3                            00000003
CCP2X                             00000005
CCP2Y                             00000004
CCPR1                             00000015
CCPR1H                            00000016
CCPR1L                            00000015
CCPR2                             0000001B
CCPR2H                            0000001C
CCPR2L                            0000001B
CHS0                              00000002
CHS1                              00000003
MPASM 5.87                          MAIN.ASM   6-6-2025  21:10:39         PAGE  6


SYMBOL TABLE
  LABEL                             VALUE 

CHS2                              00000004
CHS3                              00000005
CKE                               00000006
CKP                               00000004
CM1CON0                           00000107
CM2CON0                           00000108
CM2CON1                           00000109
CREN                              00000004
CSRC                              00000007
D                                 00000005
DATA_ADDRESS                      00000005
DC                                00000001
DC1B0                             00000004
DC1B1                             00000005
DC2B0                             00000004
DC2B1                             00000005
D_A                               00000005
D_NOT_A                           00000005
ECCPAS                            0000009C
ECCPAS0                           00000004
ECCPAS1                           00000005
ECCPAS2                           00000006
ECCPASE                           00000007
EEADR                             0000010D
EEADRH                            0000010F
EECON1                            0000018C
EECON2                            0000018D
EEDAT                             0000010C
EEDATA                            0000010C
EEDATH                            0000010E
EEIE                              00000004
EEIF                              00000004
EEPGD                             00000007
ESPERA                            00000060
F                                 00000001
FERR                              00000002
FILETEST                          00000021
FSR                               00000004
FVREN                             00000000
GCEN                              00000007
GIE                               00000007
GO                                00000001
GO_DONE                           00000001
GO_NOT_DONE                       00000001
HTS                               00000002
I2C_DATA                          00000005
I2C_READ                          00000002
I2C_START                         00000003
I2C_STOP                          00000004
INDF                              00000000
INICIO                            00000005
INTCON                            0000000B
INTE                              00000004
MPASM 5.87                          MAIN.ASM   6-6-2025  21:10:39         PAGE  7


SYMBOL TABLE
  LABEL                             VALUE 

INTEDG                            00000006
INTF                              00000001
INT_TMR0                          0000005A
IOCB                              00000096
IOCB0                             00000000
IOCB1                             00000001
IOCB2                             00000002
IOCB3                             00000003
IOCB4                             00000004
IOCB5                             00000005
IOCB6                             00000006
IOCB7                             00000007
IRCF0                             00000004
IRCF1                             00000005
IRCF2                             00000006
IRP                               00000007
ISR                               00000050
LTS                               00000001
MC1OUT                            00000007
MC2OUT                            00000006
MSK                               00000093
MSK0                              00000000
MSK1                              00000001
MSK2                              00000002
MSK3                              00000003
MSK4                              00000004
MSK5                              00000005
MSK6                              00000006
MSK7                              00000007
NOT_A                             00000005
NOT_ADDRESS                       00000005
NOT_BO                            00000000
NOT_BOR                           00000000
NOT_DONE                          00000001
NOT_PD                            00000003
NOT_POR                           00000001
NOT_RBPU                          00000007
NOT_RC8                           00000006
NOT_T1SYNC                        00000002
NOT_TO                            00000004
NOT_TX8                           00000006
NOT_W                             00000002
NOT_WRITE                         00000002
NUMTECLA                          00000020
OERR                              00000001
OPTION_REG                        00000081
OSCCON                            0000008F
OSCTUNE                           00000090
OSFIE                             00000007
OSFIF                             00000007
OSTS                              00000003
OTRATECLA                         00000025
P                                 00000004
MPASM 5.87                          MAIN.ASM   6-6-2025  21:10:39         PAGE  8


SYMBOL TABLE
  LABEL                             VALUE 

P1M0                              00000006
P1M1                              00000007
PCL                               00000002
PCLATH                            0000000A
PCON                              0000008E
PDC0                              00000000
PDC1                              00000001
PDC2                              00000002
PDC3                              00000003
PDC4                              00000004
PDC5                              00000005
PDC6                              00000006
PEIE                              00000006
PEN                               00000002
PIE1                              0000008C
PIE2                              0000008D
PIR1                              0000000C
PIR2                              0000000D
PORTA                             00000005
PORTB                             00000006
PORTC                             00000007
PORTD                             00000008
PORTE                             00000009
PR2                               00000092
PRSEN                             00000007
PS0                               00000000
PS1                               00000001
PS2                               00000002
PSA                               00000003
PSSAC0                            00000002
PSSAC1                            00000003
PSSBD0                            00000000
PSSBD1                            00000001
PSTRCON                           0000009D
PULSR                             00000002
PULSS                             00000003
PWM1CON                           0000009B
R                                 00000002
RA0                               00000000
RA1                               00000001
RA2                               00000002
RA3                               00000003
RA4                               00000004
RA5                               00000005
RA6                               00000006
RA7                               00000007
RB0                               00000000
RB1                               00000001
RB2                               00000002
RB3                               00000003
RB4                               00000004
RB5                               00000005
RB6                               00000006
MPASM 5.87                          MAIN.ASM   6-6-2025  21:10:39         PAGE  9


SYMBOL TABLE
  LABEL                             VALUE 

RB7                               00000007
RBIE                              00000003
RBIF                              00000000
RC0                               00000000
RC1                               00000001
RC2                               00000002
RC3                               00000003
RC4                               00000004
RC5                               00000005
RC6                               00000006
RC7                               00000007
RC8_9                             00000006
RC9                               00000006
RCD8                              00000000
RCEN                              00000003
RCIDL                             00000006
RCIE                              00000005
RCIF                              00000005
RCREG                             0000001A
RCSTA                             00000018
RD                                00000000
RD0                               00000000
RD1                               00000001
RD2                               00000002
RD3                               00000003
RD4                               00000004
RD5                               00000005
RD6                               00000006
RD7                               00000007
RE0                               00000000
RE1                               00000001
RE2                               00000002
RE3                               00000003
READ_WRITE                        00000002
RETARDO10MS                       0000005C
RP0                               00000005
RP1                               00000006
RSEN                              00000001
RX9                               00000006
RX9D                              00000000
R_NOT_W                           00000002
R_W                               00000002
S                                 00000003
SALVAS                            00000024
SALVAW                            00000023
SBOREN                            00000004
SCAN                              00000022
SCKP                              00000004
SCS                               00000000
SEN                               00000000
SENDB                             00000003
SMP                               00000007
SPBRG                             00000099
MPASM 5.87                          MAIN.ASM   6-6-2025  21:10:39         PAGE 10


SYMBOL TABLE
  LABEL                             VALUE 

SPBRGH                            0000009A
SPEN                              00000007
SR0                               00000006
SR1                               00000007
SRCON                             00000185
SREN                              00000005
SSPADD                            00000093
SSPBUF                            00000013
SSPCON                            00000014
SSPCON2                           00000091
SSPEN                             00000005
SSPIE                             00000003
SSPIF                             00000003
SSPM0                             00000000
SSPM1                             00000001
SSPM2                             00000002
SSPM3                             00000003
SSPMSK                            00000093
SSPOV                             00000006
SSPSTAT                           00000094
STATUS                            00000003
STRA                              00000000
STRB                              00000001
STRC                              00000002
STRD                              00000003
STRSYNC                           00000004
SWDTEN                            00000000
SYNC                              00000004
T0CS                              00000005
T0IE                              00000005
T0IF                              00000002
T0SE                              00000004
T1CKPS0                           00000004
T1CKPS1                           00000005
T1CON                             00000010
T1GINV                            00000007
T1GIV                             00000007
T1GSS                             00000001
T1INSYNC                          00000002
T1OSCEN                           00000003
T1SYNC                            00000002
T2CKPS0                           00000000
T2CKPS1                           00000001
T2CON                             00000012
TABLA                             00000043
TMR0                              00000001
TMR0IE                            00000005
TMR0IF                            00000002
TMR1                              0000000E
TMR1CS                            00000001
TMR1GE                            00000006
TMR1H                             0000000F
TMR1IE                            00000000
MPASM 5.87                          MAIN.ASM   6-6-2025  21:10:39         PAGE 11


SYMBOL TABLE
  LABEL                             VALUE 

TMR1IF                            00000000
TMR1L                             0000000E
TMR1ON                            00000000
TMR2                              00000011
TMR2IE                            00000001
TMR2IF                            00000001
TMR2ON                            00000002
TOUTPS0                           00000003
TOUTPS1                           00000004
TOUTPS2                           00000005
TOUTPS3                           00000006
TRISA                             00000085
TRISA0                            00000000
TRISA1                            00000001
TRISA2                            00000002
TRISA3                            00000003
TRISA4                            00000004
TRISA5                            00000005
TRISA6                            00000006
TRISA7                            00000007
TRISB                             00000086
TRISB0                            00000000
TRISB1                            00000001
TRISB2                            00000002
TRISB3                            00000003
TRISB4                            00000004
TRISB5                            00000005
TRISB6                            00000006
TRISB7                            00000007
TRISC                             00000087
TRISC0                            00000000
TRISC1                            00000001
TRISC2                            00000002
TRISC3                            00000003
TRISC4                            00000004
TRISC5                            00000005
TRISC6                            00000006
TRISC7                            00000007
TRISD                             00000088
TRISD0                            00000000
TRISD1                            00000001
TRISD2                            00000002
TRISD3                            00000003
TRISD4                            00000004
TRISD5                            00000005
TRISD6                            00000006
TRISD7                            00000007
TRISE                             00000089
TRISE0                            00000000
TRISE1                            00000001
TRISE2                            00000002
TRISE3                            00000003
TRMT                              00000001
MPASM 5.87                          MAIN.ASM   6-6-2025  21:10:39         PAGE 12


SYMBOL TABLE
  LABEL                             VALUE 

TUN0                              00000000
TUN1                              00000001
TUN2                              00000002
TUN3                              00000003
TUN4                              00000004
TX8_9                             00000006
TX9                               00000006
TX9D                              00000000
TXD8                              00000000
TXEN                              00000005
TXIE                              00000004
TXIF                              00000004
TXREG                             00000019
TXSTA                             00000098
UA                                00000001
ULPWUE                            00000005
ULPWUIE                           00000002
ULPWUIF                           00000002
VCFG0                             00000004
VCFG1                             00000005
VR0                               00000000
VR1                               00000001
VR2                               00000002
VR3                               00000003
VRCON                             00000097
VREN                              00000007
VROE                              00000006
VRR                               00000005
VRSS                              00000004
W                                 00000000
WCOL                              00000007
WDTCON                            00000105
WDTPS0                            00000001
WDTPS1                            00000002
WDTPS2                            00000003
WDTPS3                            00000004
WPUB                              00000095
WPUB0                             00000000
WPUB1                             00000001
WPUB2                             00000002
WPUB3                             00000003
WPUB4                             00000004
WPUB5                             00000005
WPUB6                             00000006
WPUB7                             00000007
WR                                00000001
WREN                              00000002
WRERR                             00000003
WUE                               00000001
Z                                 00000002
_BOR21V                           00003EFF
_BOR40V                           00003FFF
_BOR4V_BOR21V                     00003EFF
MPASM 5.87                          MAIN.ASM   6-6-2025  21:10:39         PAGE 13


SYMBOL TABLE
  LABEL                             VALUE 

_BOR4V_BOR40V                     00003FFF
_BOREN_NSLEEP                     00003EFF
_BOREN_OFF                        00003CFF
_BOREN_ON                         00003FFF
_BOREN_SBODEN                     00003DFF
_BOR_NSLEEP                       00003EFF
_BOR_OFF                          00003CFF
_BOR_ON                           00003FFF
_BOR_SBODEN                       00003DFF
_CONFIG1                          00002007
_CONFIG2                          00002008
_CPD_OFF                          00003FFF
_CPD_ON                           00003F7F
_CP_OFF                           00003FFF
_CP_ON                            00003FBF
_DEBUG_OFF                        00003FFF
_DEBUG_ON                         00001FFF
_DEVID1                           00002006
_EC_OSC                           00003FFB
_EXTRC                            00003FFF
_EXTRCIO                          00003FFE
_EXTRC_OSC_CLKOUT                 00003FFF
_EXTRC_OSC_NOCLKOUT               00003FFE
_FCMEN_OFF                        000037FF
_FCMEN_ON                         00003FFF
_FOSC_EC                          00003FFB
_FOSC_EXTRC_CLKOUT                00003FFF
_FOSC_EXTRC_NOCLKOUT              00003FFE
_FOSC_HS                          00003FFA
_FOSC_INTRC_CLKOUT                00003FFD
_FOSC_INTRC_NOCLKOUT              00003FFC
_FOSC_LP                          00003FF8
_FOSC_XT                          00003FF9
_HS_OSC                           00003FFA
_IDLOC0                           00002000
_IDLOC1                           00002001
_IDLOC2                           00002002
_IDLOC3                           00002003
_IESO_OFF                         00003BFF
_IESO_ON                          00003FFF
_INTOSC                           00003FFD
_INTOSCIO                         00003FFC
_INTRC_OSC_CLKOUT                 00003FFD
_INTRC_OSC_NOCLKOUT               00003FFC
_LP_OSC                           00003FF8
_LVP_OFF                          00002FFF
_LVP_ON                           00003FFF
_MCLRE_OFF                        00003FDF
_MCLRE_ON                         00003FFF
_PWRTE_OFF                        00003FFF
_PWRTE_ON                         00003FEF
_WDTE_OFF                         00003FF7
_WDTE_ON                          00003FFF
MPASM 5.87                          MAIN.ASM   6-6-2025  21:10:39         PAGE 14


SYMBOL TABLE
  LABEL                             VALUE 

_WDT_OFF                          00003FF7
_WDT_ON                           00003FFF
_WRT_1FOURTH                      00003BFF
_WRT_256                          00003DFF
_WRT_HALF                         000039FF
_WRT_OFF                          00003FFF
_XT_OSC                           00003FF9
__16F887                          00000001
__DEBUG                           
__MPLAB_DEBUGGER_SIMULATOR        1

Errors   :     0
Warnings :     0 reported,     0 suppressed
Messages :     4 reported,     0 suppressed

